<?xml version="1.0" encoding="UTF-8"?>
<!-- Generated by org.testng.reporters.JUnitReportReporter -->
<testsuite hostname="HAMILTON-QA11L" failures="0" tests="1" name="testcases.LoginTest" time="3.251" errors="0" timestamp="2022-08-03T13:41:16 IST" skipped="0">
  <testcase classname="testcases.LoginTest" name="loginTest" time="3.251"/>
  <system-out/>
</testsuite> <!-- testcases.LoginTest -->
